<?xml version="1.0" encoding="UTF-8"?>
<!-- Generated by org.testng.reporters.JUnitXMLReporter -->
<testsuite ignored="0" hostname="Admins-MacBook-Air.local" failures="1" tests="1" name="Command line test" time="84.829" errors="0" timestamp="2026-04-24T17:56:25 IST">
  <testcase classname="com.project.tests.OnboardingTest" name="verifyOnboardingAndBugs" time="78.408">
    <failure type="java.lang.AssertionError" message="The following asserts failed:
	CRITICAL BUG 2: Hardware back button closed the app entirely! expected [rock.identifier.diamond.gem.stone.mineral.finder.scanner] but found [com.mi.android.globallauncher],
	Subscription UI did not load after reopening app. expected [true] but found [false]">
      <![CDATA[java.lang.AssertionError: The following asserts failed:
CRITICAL BUG 2: Hardware back button closed the app entirely! expected [rock.identifier.diamond.gem.stone.mineral.finder.scanner] but found [com.mi.android.globallauncher],
Subscription UI did not load after reopening app. expected [true] but found [false]
at com.project.tests.OnboardingTest.verifyOnboardingAndBugs(OnboardingTest.java:63)
at java.base/java.util.ArrayList.forEach(ArrayList.java:1612)
at com.project.cli.MenuRunner.main(MenuRunner.java:33)
at org.codehaus.mojo.exec.AbstractExecJavaBase.executeMainMethod(AbstractExecJavaBase.java:402)
at org.codehaus.mojo.exec.ExecJavaMojo.executeMainMethod(ExecJavaMojo.java:142)
at org.codehaus.mojo.exec.AbstractExecJavaBase.doExecClassLoader(AbstractExecJavaBase.java:377)
at org.codehaus.mojo.exec.AbstractExecJavaBase.lambda$execute$0(AbstractExecJavaBase.java:287)
at java.base/java.lang.Thread.run(Thread.java:1516)
... Removed 26 stack frames]]>
    </failure>
  </testcase> <!-- verifyOnboardingAndBugs -->
</testsuite> <!-- Command line test -->
