<?xml version="1.0" encoding="UTF-8"?>
<testng-results ignored="0" total="1" passed="1" failed="0" skipped="0">
  <reporter-output>
  </reporter-output>
  <suite started-at="2026-04-26T20:02:40 IST" name="Command line suite" finished-at="2026-04-26T20:10:27 IST" duration-ms="466882">
    <groups>
    </groups>
    <test started-at="2026-04-26T20:02:40 IST" name="Command line test" finished-at="2026-04-26T20:10:27 IST" duration-ms="466882">
      <class name="com.project.tests.OnboardingTest">
        <test-method is-config="true" signature="setupDriver()[pri:0, instance:com.project.tests.OnboardingTest@6305e188]" started-at="2026-04-26T20:02:40 IST" name="setupDriver" finished-at="2026-04-26T20:02:44 IST" duration-ms="4466" status="PASS">
          <reporter-output>
          </reporter-output>
        </test-method> <!-- setupDriver -->
        <test-method signature="masterOnboardingFlowTest()[pri:0, instance:com.project.tests.OnboardingTest@6305e188]" started-at="2026-04-26T20:02:44 IST" name="masterOnboardingFlowTest" finished-at="2026-04-26T20:10:26 IST" duration-ms="461846" status="PASS">
          <reporter-output>
          </reporter-output>
        </test-method> <!-- masterOnboardingFlowTest -->
        <test-method is-config="true" signature="tearDown()[pri:0, instance:com.project.tests.OnboardingTest@6305e188]" started-at="2026-04-26T20:10:26 IST" name="tearDown" finished-at="2026-04-26T20:10:27 IST" duration-ms="562" status="PASS">
          <reporter-output>
          </reporter-output>
        </test-method> <!-- tearDown -->
      </class> <!-- com.project.tests.OnboardingTest -->
    </test> <!-- Command line test -->
  </suite> <!-- Command line suite -->
</testng-results>
