<?xml version="1.0" encoding="UTF-8"?>
<testng-results ignored="0" total="1" passed="1" failed="0" skipped="0">
  <reporter-output>
  </reporter-output>
  <suite started-at="2026-04-25T23:36:26 IST" name="Command line suite" finished-at="2026-04-25T23:37:41 IST" duration-ms="74335">
    <groups>
    </groups>
    <test started-at="2026-04-25T23:36:26 IST" name="Command line test" finished-at="2026-04-25T23:37:41 IST" duration-ms="74335">
      <class name="com.project.tests.OnboardingTest">
        <test-method is-config="true" signature="setupDriver()[pri:0, instance:com.project.tests.OnboardingTest@417b2f9f]" started-at="2026-04-25T23:36:26 IST" name="setupDriver" finished-at="2026-04-25T23:36:31 IST" duration-ms="4562" status="PASS">
          <reporter-output>
          </reporter-output>
        </test-method> <!-- setupDriver -->
        <test-method signature="masterOnboardingFlowTest()[pri:0, instance:com.project.tests.OnboardingTest@417b2f9f]" started-at="2026-04-25T23:36:31 IST" name="masterOnboardingFlowTest" finished-at="2026-04-25T23:37:40 IST" duration-ms="68913" status="PASS">
          <reporter-output>
          </reporter-output>
        </test-method> <!-- masterOnboardingFlowTest -->
        <test-method is-config="true" signature="tearDown()[pri:0, instance:com.project.tests.OnboardingTest@417b2f9f]" started-at="2026-04-25T23:37:40 IST" name="tearDown" finished-at="2026-04-25T23:37:41 IST" duration-ms="849" status="PASS">
          <reporter-output>
          </reporter-output>
        </test-method> <!-- tearDown -->
      </class> <!-- com.project.tests.OnboardingTest -->
    </test> <!-- Command line test -->
  </suite> <!-- Command line suite -->
</testng-results>
