<?xml version="1.0" encoding="UTF-8"?>
<!-- Generated by org.testng.reporters.JUnitReportReporter -->
<testsuite hostname="Admins-MacBook-Air.local" failures="0" tests="1" name="com.project.tests.NavigationTest" time="166.812" errors="1" timestamp="2026-04-27T15:06:42 IST" skipped="0">
  <testcase classname="com.project.tests.NavigationTest" name="isolatedNavigationTest" time="166.812">
    <error message="An element could not be located on the page using the given search parameters.
For documentation on this error, please visit: https://www.selenium.dev/documentation/webdriver/troubleshooting/errors#no-such-element-exception
Build info: version: &#039;4.13.0&#039;, revision: &#039;ba948ece5b*&#039;
System info: os.name: &#039;Mac OS X&#039;, os.arch: &#039;aarch64&#039;, os.version: &#039;26.4.1&#039;, java.version: &#039;26.0.1&#039;
Driver info: io.appium.java_client.android.AndroidDriver
Command: [b471cf7f-db8e-4fe1-8e21-2e656f66fb63, findElement {using=xpath, value=//*[@content-desc=&#039;Back&#039;] | //*[@content-desc=&#039;Navigate up&#039;]}]
Capabilities {appium:appActivity: rock.identifier.diamond.gem..., appium:appPackage: rock.identifier.diamond.gem..., appium:autoLaunch: false, appium:automationName: UiAutomator2, appium:databaseEnabled: false, appium:desired: {appActivity: rock.identifier.diamond.gem..., appPackage: rock.identifier.diamond.gem..., autoLaunch: false, automationName: UiAutomator2, deviceName: 83fc08ef, disableWindowAnimation: true, ignoreHiddenApiPolicyError: true, ignoreUnimportantViews: true, noReset: true, platformName: ANDROID, waitForIdleTimeout: 100}, appium:deviceApiLevel: 29, appium:deviceManufacturer: Xiaomi, appium:deviceModel: POCO F1, appium:deviceName: 83fc08ef, appium:deviceScreenDensity: 440, appium:deviceScreenSize: 1080x2246, appium:deviceUDID: 83fc08ef, appium:disableWindowAnimation: true, appium:ignoreHiddenApiPolicyError: true, appium:ignoreUnimportantViews: true, appium:javascriptEnabled: true, appium:locationContextEnabled: false, appium:networkConnectionEnabled: true, appium:noReset: true, appium:pixelRatio: 2.75, appium:platformVersion: 10, appium:statBarHeight: 89, appium:takesScreenshot: true, appium:viewportRect: {height: 2157, left: 0, top: 89, width: 1080}, appium:waitForIdleTimeout: 100, appium:warnings: {}, appium:webStorageEnabled: false, platformName: ANDROID}
Session ID: b471cf7f-db8e-4fe1-8e21-2e656f66fb63" type="org.openqa.selenium.NoSuchElementException">
      <![CDATA[org.openqa.selenium.NoSuchElementException: An element could not be located on the page using the given search parameters.
For documentation on this error, please visit: https://www.selenium.dev/documentation/webdriver/troubleshooting/errors#no-such-element-exception
Build info: version: '4.13.0', revision: 'ba948ece5b*'
System info: os.name: 'Mac OS X', os.arch: 'aarch64', os.version: '26.4.1', java.version: '26.0.1'
Driver info: io.appium.java_client.android.AndroidDriver
Command: [b471cf7f-db8e-4fe1-8e21-2e656f66fb63, findElement {using=xpath, value=//*[@content-desc='Back'] | //*[@content-desc='Navigate up']}]
Capabilities {appium:appActivity: rock.identifier.diamond.gem..., appium:appPackage: rock.identifier.diamond.gem..., appium:autoLaunch: false, appium:automationName: UiAutomator2, appium:databaseEnabled: false, appium:desired: {appActivity: rock.identifier.diamond.gem..., appPackage: rock.identifier.diamond.gem..., autoLaunch: false, automationName: UiAutomator2, deviceName: 83fc08ef, disableWindowAnimation: true, ignoreHiddenApiPolicyError: true, ignoreUnimportantViews: true, noReset: true, platformName: ANDROID, waitForIdleTimeout: 100}, appium:deviceApiLevel: 29, appium:deviceManufacturer: Xiaomi, appium:deviceModel: POCO F1, appium:deviceName: 83fc08ef, appium:deviceScreenDensity: 440, appium:deviceScreenSize: 1080x2246, appium:deviceUDID: 83fc08ef, appium:disableWindowAnimation: true, appium:ignoreHiddenApiPolicyError: true, appium:ignoreUnimportantViews: true, appium:javascriptEnabled: true, appium:locationContextEnabled: false, appium:networkConnectionEnabled: true, appium:noReset: true, appium:pixelRatio: 2.75, appium:platformVersion: 10, appium:statBarHeight: 89, appium:takesScreenshot: true, appium:viewportRect: {height: 2157, left: 0, top: 89, width: 1080}, appium:waitForIdleTimeout: 100, appium:warnings: {}, appium:webStorageEnabled: false, platformName: ANDROID}
Session ID: b471cf7f-db8e-4fe1-8e21-2e656f66fb63
at java.base/jdk.internal.reflect.DirectConstructorHandleAccessor.newInstance(DirectConstructorHandleAccessor.java:62)
at java.base/java.lang.reflect.Constructor.newInstanceWithCaller(Constructor.java:499)
at java.base/java.lang.reflect.Constructor.newInstance(Constructor.java:483)
at org.openqa.selenium.remote.codec.w3c.W3CHttpResponseCodec.createException(W3CHttpResponseCodec.java:200)
at org.openqa.selenium.remote.codec.w3c.W3CHttpResponseCodec.decode(W3CHttpResponseCodec.java:133)
at org.openqa.selenium.remote.codec.w3c.W3CHttpResponseCodec.decode(W3CHttpResponseCodec.java:52)
at org.openqa.selenium.remote.HttpCommandExecutor.execute(HttpCommandExecutor.java:191)
at io.appium.java_client.remote.AppiumCommandExecutor.execute(AppiumCommandExecutor.java:250)
at org.openqa.selenium.remote.RemoteWebDriver.execute(RemoteWebDriver.java:602)
at org.openqa.selenium.remote.ElementLocation$ElementFinder$2.findElement(ElementLocation.java:165)
at org.openqa.selenium.remote.ElementLocation.findElement(ElementLocation.java:59)
at org.openqa.selenium.remote.RemoteWebDriver.findElement(RemoteWebDriver.java:359)
at org.openqa.selenium.remote.RemoteWebDriver.findElement(RemoteWebDriver.java:353)
at com.project.tests.NavigationTest.isolatedNavigationTest(NavigationTest.java:60)
at java.base/jdk.internal.reflect.DirectMethodHandleAccessor.invoke(DirectMethodHandleAccessor.java:104)
at java.base/java.lang.reflect.Method.invoke(Method.java:565)
at org.testng.internal.invokers.MethodInvocationHelper.invokeMethod(MethodInvocationHelper.java:141)
at org.testng.internal.invokers.TestInvoker.invokeMethod(TestInvoker.java:686)
at org.testng.internal.invokers.TestInvoker.invokeTestMethod(TestInvoker.java:230)
at org.testng.internal.invokers.MethodRunner.runInSequence(MethodRunner.java:63)
at org.testng.internal.invokers.TestInvoker$MethodInvocationAgent.invoke(TestInvoker.java:992)
at org.testng.internal.invokers.TestInvoker.invokeTestMethods(TestInvoker.java:203)
at org.testng.internal.invokers.TestMethodWorker.invokeTestMethods(TestMethodWorker.java:154)
at org.testng.internal.invokers.TestMethodWorker.run(TestMethodWorker.java:134)
at java.base/java.util.ArrayList.forEach(ArrayList.java:1612)
at org.testng.TestRunner.privateRun(TestRunner.java:739)
at org.testng.TestRunner.run(TestRunner.java:614)
at org.testng.SuiteRunner.runTest(SuiteRunner.java:421)
at org.testng.SuiteRunner.runSequentially(SuiteRunner.java:413)
at org.testng.SuiteRunner.privateRun(SuiteRunner.java:373)
at org.testng.SuiteRunner.run(SuiteRunner.java:312)
at org.testng.SuiteRunnerWorker.runSuite(SuiteRunnerWorker.java:52)
at org.testng.SuiteRunnerWorker.run(SuiteRunnerWorker.java:95)
at org.testng.TestNG.runSuitesSequentially(TestNG.java:1274)
at org.testng.TestNG.runSuitesLocally(TestNG.java:1208)
at org.testng.TestNG.runSuites(TestNG.java:1112)
at org.testng.TestNG.run(TestNG.java:1079)
at com.project.cli.MenuRunner.executeTestNGClass(MenuRunner.java:134)
at com.project.cli.MenuRunner.runStoneMenu(MenuRunner.java:112)
at com.project.cli.MenuRunner.main(MenuRunner.java:48)
at java.base/jdk.internal.reflect.DirectMethodHandleAccessor.invoke(DirectMethodHandleAccessor.java:104)
at java.base/java.lang.reflect.Method.invoke(Method.java:565)
at org.codehaus.mojo.exec.AbstractExecJavaBase.executeMainMethod(AbstractExecJavaBase.java:402)
at org.codehaus.mojo.exec.ExecJavaMojo.executeMainMethod(ExecJavaMojo.java:142)
at org.codehaus.mojo.exec.AbstractExecJavaBase.doExecClassLoader(AbstractExecJavaBase.java:377)
at org.codehaus.mojo.exec.AbstractExecJavaBase.lambda$execute$0(AbstractExecJavaBase.java:287)
at java.base/java.lang.Thread.run(Thread.java:1516)
]]>
    </error>
  </testcase> <!-- isolatedNavigationTest -->
</testsuite> <!-- com.project.tests.NavigationTest -->
