<?xml version="1.0" encoding="UTF-8"?>
<!-- Generated by org.testng.reporters.JUnitReportReporter -->
<testsuite hostname="Admins-MacBook-Air.local" failures="0" tests="1" name="com.project.tests.OnboardingTest" time="1011.382" errors="1" timestamp="2026-05-06T16:56:56 IST" skipped="0">
  <testcase classname="com.project.tests.OnboardingTest" name="masterOnboardingFlowTest" time="1011.382">
    <error message="Expected condition failed: waiting for visibility of element located by By.xpath: //*[@text=&#039;Description&#039; or contains(@text, &#039;Description&#039;)] (tried for 15 second(s) with 500 milliseconds interval)
Build info: version: &#039;4.13.0&#039;, revision: &#039;ba948ece5b*&#039;
System info: os.name: &#039;Mac OS X&#039;, os.arch: &#039;aarch64&#039;, os.version: &#039;26.4.1&#039;, java.version: &#039;21.0.11&#039;
Driver info: io.appium.java_client.android.AndroidDriver
Capabilities {appium:appActivity: rock.identifier.diamond.gem..., appium:appPackage: rock.identifier.diamond.gem..., appium:autoLaunch: false, appium:automationName: UiAutomator2, appium:databaseEnabled: false, appium:desired: {appActivity: rock.identifier.diamond.gem..., appPackage: rock.identifier.diamond.gem..., autoLaunch: false, automationName: UiAutomator2, deviceName: 83fc08ef, disableWindowAnimation: true, ignoreHiddenApiPolicyError: true, ignoreUnimportantViews: true, newCommandTimeout: 3600, noReset: true, platformName: ANDROID, waitForIdleTimeout: 100}, appium:deviceApiLevel: 29, appium:deviceManufacturer: Xiaomi, appium:deviceModel: POCO F1, appium:deviceName: 83fc08ef, appium:deviceScreenDensity: 440, appium:deviceScreenSize: 1080x2246, appium:deviceUDID: 83fc08ef, appium:disableWindowAnimation: true, appium:ignoreHiddenApiPolicyError: true, appium:ignoreUnimportantViews: true, appium:javascriptEnabled: true, appium:locationContextEnabled: false, appium:networkConnectionEnabled: true, appium:newCommandTimeout: 3600, appium:noReset: true, appium:pixelRatio: 2.75, appium:platformVersion: 10, appium:statBarHeight: 89, appium:takesScreenshot: true, appium:viewportRect: {height: 2157, left: 0, top: 89, width: 1080}, appium:waitForIdleTimeout: 100, appium:warnings: {}, appium:webStorageEnabled: false, platformName: ANDROID}
Session ID: 77413724-bcc1-4c4e-a0cb-e5748ff2ff7d" type="org.openqa.selenium.TimeoutException">
      <![CDATA[org.openqa.selenium.TimeoutException: Expected condition failed: waiting for visibility of element located by By.xpath: //*[@text='Description' or contains(@text, 'Description')] (tried for 15 second(s) with 500 milliseconds interval)
Build info: version: '4.13.0', revision: 'ba948ece5b*'
System info: os.name: 'Mac OS X', os.arch: 'aarch64', os.version: '26.4.1', java.version: '21.0.11'
Driver info: io.appium.java_client.android.AndroidDriver
Capabilities {appium:appActivity: rock.identifier.diamond.gem..., appium:appPackage: rock.identifier.diamond.gem..., appium:autoLaunch: false, appium:automationName: UiAutomator2, appium:databaseEnabled: false, appium:desired: {appActivity: rock.identifier.diamond.gem..., appPackage: rock.identifier.diamond.gem..., autoLaunch: false, automationName: UiAutomator2, deviceName: 83fc08ef, disableWindowAnimation: true, ignoreHiddenApiPolicyError: true, ignoreUnimportantViews: true, newCommandTimeout: 3600, noReset: true, platformName: ANDROID, waitForIdleTimeout: 100}, appium:deviceApiLevel: 29, appium:deviceManufacturer: Xiaomi, appium:deviceModel: POCO F1, appium:deviceName: 83fc08ef, appium:deviceScreenDensity: 440, appium:deviceScreenSize: 1080x2246, appium:deviceUDID: 83fc08ef, appium:disableWindowAnimation: true, appium:ignoreHiddenApiPolicyError: true, appium:ignoreUnimportantViews: true, appium:javascriptEnabled: true, appium:locationContextEnabled: false, appium:networkConnectionEnabled: true, appium:newCommandTimeout: 3600, appium:noReset: true, appium:pixelRatio: 2.75, appium:platformVersion: 10, appium:statBarHeight: 89, appium:takesScreenshot: true, appium:viewportRect: {height: 2157, left: 0, top: 89, width: 1080}, appium:waitForIdleTimeout: 100, appium:warnings: {}, appium:webStorageEnabled: false, platformName: ANDROID}
Session ID: 77413724-bcc1-4c4e-a0cb-e5748ff2ff7d
at org.openqa.selenium.support.ui.WebDriverWait.timeoutException(WebDriverWait.java:84)
at org.openqa.selenium.support.ui.FluentWait.until(FluentWait.java:230)
at com.project.tests.OnboardingTest.masterOnboardingFlowTest(OnboardingTest.java:550)
at java.base/jdk.internal.reflect.DirectMethodHandleAccessor.invoke(DirectMethodHandleAccessor.java:103)
at java.base/java.lang.reflect.Method.invoke(Method.java:580)
at org.testng.internal.invokers.MethodInvocationHelper.invokeMethod(MethodInvocationHelper.java:141)
at org.testng.internal.invokers.TestInvoker.invokeMethod(TestInvoker.java:686)
at org.testng.internal.invokers.TestInvoker.invokeTestMethod(TestInvoker.java:230)
at org.testng.internal.invokers.MethodRunner.runInSequence(MethodRunner.java:63)
at org.testng.internal.invokers.TestInvoker$MethodInvocationAgent.invoke(TestInvoker.java:992)
at org.testng.internal.invokers.TestInvoker.invokeTestMethods(TestInvoker.java:203)
at org.testng.internal.invokers.TestMethodWorker.invokeTestMethods(TestMethodWorker.java:154)
at org.testng.internal.invokers.TestMethodWorker.run(TestMethodWorker.java:134)
at java.base/java.util.ArrayList.forEach(ArrayList.java:1596)
at org.testng.TestRunner.privateRun(TestRunner.java:739)
at org.testng.TestRunner.run(TestRunner.java:614)
at org.testng.SuiteRunner.runTest(SuiteRunner.java:421)
at org.testng.SuiteRunner.runSequentially(SuiteRunner.java:413)
at org.testng.SuiteRunner.privateRun(SuiteRunner.java:373)
at org.testng.SuiteRunner.run(SuiteRunner.java:312)
at org.testng.SuiteRunnerWorker.runSuite(SuiteRunnerWorker.java:52)
at org.testng.SuiteRunnerWorker.run(SuiteRunnerWorker.java:95)
at org.testng.TestNG.runSuitesSequentially(TestNG.java:1274)
at org.testng.TestNG.runSuitesLocally(TestNG.java:1208)
at org.testng.TestNG.runSuites(TestNG.java:1112)
at org.testng.TestNG.run(TestNG.java:1079)
at com.project.cli.MenuRunner.executeTestNGClass(MenuRunner.java:141)
at com.project.cli.MenuRunner.runStoneMenu(MenuRunner.java:119)
at com.project.cli.MenuRunner.main(MenuRunner.java:49)
at java.base/jdk.internal.reflect.DirectMethodHandleAccessor.invoke(DirectMethodHandleAccessor.java:103)
at java.base/java.lang.reflect.Method.invoke(Method.java:580)
at org.codehaus.mojo.exec.AbstractExecJavaBase.executeMainMethod(AbstractExecJavaBase.java:402)
at org.codehaus.mojo.exec.ExecJavaMojo.executeMainMethod(ExecJavaMojo.java:142)
at org.codehaus.mojo.exec.AbstractExecJavaBase.doExecClassLoader(AbstractExecJavaBase.java:377)
at org.codehaus.mojo.exec.AbstractExecJavaBase.lambda$execute$0(AbstractExecJavaBase.java:287)
at java.base/java.lang.Thread.run(Thread.java:1583)
]]>
    </error>
  </testcase> <!-- masterOnboardingFlowTest -->
</testsuite> <!-- com.project.tests.OnboardingTest -->
