<?xml version="1.0" encoding="UTF-8"?>
<!-- Generated by org.testng.reporters.JUnitReportReporter -->
<testsuite hostname="Admins-MacBook-Air.local" failures="0" tests="7" name="com.project.tests.FileRecoveryTest" time="188.634" errors="6" timestamp="2026-04-29T17:49:30 IST" skipped="0">
  <testcase classname="com.project.tests.FileRecoveryTest" name="test01_OfflineBootAndAdCheck" time="31.516"/>
  <testcase classname="com.project.tests.FileRecoveryTest" name="test02_LanguageSelectionAndBackTrap" time="17.438">
    <error message="An element could not be located on the page using the given search parameters.
For documentation on this error, please visit: https://www.selenium.dev/documentation/webdriver/troubleshooting/errors#no-such-element-exception
Build info: version: &#039;4.13.0&#039;, revision: &#039;ba948ece5b*&#039;
System info: os.name: &#039;Mac OS X&#039;, os.arch: &#039;aarch64&#039;, os.version: &#039;26.4.1&#039;, java.version: &#039;26.0.1&#039;
Driver info: io.appium.java_client.android.AndroidDriver
Command: [1374f028-2110-4984-8206-e8719199a990, findElement {using=xpath, value=//*[@text=&#039;English&#039;]}]
Capabilities {appium:appActivity: com.filerecovery.photovideo..., appium:appPackage: com.filerecovery.photovideo..., appium:autoLaunch: false, appium:automationName: UiAutomator2, appium:databaseEnabled: false, appium:desired: {appActivity: com.filerecovery.photovideo..., appPackage: com.filerecovery.photovideo..., autoLaunch: false, automationName: UiAutomator2, deviceName: 83fc08ef, disableWindowAnimation: true, ignoreHiddenApiPolicyError: true, ignoreUnimportantViews: true, newCommandTimeout: 3600, noReset: true, platformName: ANDROID, waitForIdleTimeout: 100}, appium:deviceApiLevel: 29, appium:deviceManufacturer: Xiaomi, appium:deviceModel: POCO F1, appium:deviceName: 83fc08ef, appium:deviceScreenDensity: 440, appium:deviceScreenSize: 1080x2246, appium:deviceUDID: 83fc08ef, appium:disableWindowAnimation: true, appium:ignoreHiddenApiPolicyError: true, appium:ignoreUnimportantViews: true, appium:javascriptEnabled: true, appium:locationContextEnabled: false, appium:networkConnectionEnabled: true, appium:newCommandTimeout: 3600, appium:noReset: true, appium:pixelRatio: 2.75, appium:platformVersion: 10, appium:statBarHeight: 89, appium:takesScreenshot: true, appium:viewportRect: {height: 2157, left: 0, top: 89, width: 1080}, appium:waitForIdleTimeout: 100, appium:warnings: {}, appium:webStorageEnabled: false, platformName: ANDROID}
Session ID: 1374f028-2110-4984-8206-e8719199a990" type="org.openqa.selenium.NoSuchElementException">
      <![CDATA[org.openqa.selenium.NoSuchElementException: An element could not be located on the page using the given search parameters.
For documentation on this error, please visit: https://www.selenium.dev/documentation/webdriver/troubleshooting/errors#no-such-element-exception
Build info: version: '4.13.0', revision: 'ba948ece5b*'
System info: os.name: 'Mac OS X', os.arch: 'aarch64', os.version: '26.4.1', java.version: '26.0.1'
Driver info: io.appium.java_client.android.AndroidDriver
Command: [1374f028-2110-4984-8206-e8719199a990, findElement {using=xpath, value=//*[@text='English']}]
Capabilities {appium:appActivity: com.filerecovery.photovideo..., appium:appPackage: com.filerecovery.photovideo..., appium:autoLaunch: false, appium:automationName: UiAutomator2, appium:databaseEnabled: false, appium:desired: {appActivity: com.filerecovery.photovideo..., appPackage: com.filerecovery.photovideo..., autoLaunch: false, automationName: UiAutomator2, deviceName: 83fc08ef, disableWindowAnimation: true, ignoreHiddenApiPolicyError: true, ignoreUnimportantViews: true, newCommandTimeout: 3600, noReset: true, platformName: ANDROID, waitForIdleTimeout: 100}, appium:deviceApiLevel: 29, appium:deviceManufacturer: Xiaomi, appium:deviceModel: POCO F1, appium:deviceName: 83fc08ef, appium:deviceScreenDensity: 440, appium:deviceScreenSize: 1080x2246, appium:deviceUDID: 83fc08ef, appium:disableWindowAnimation: true, appium:ignoreHiddenApiPolicyError: true, appium:ignoreUnimportantViews: true, appium:javascriptEnabled: true, appium:locationContextEnabled: false, appium:networkConnectionEnabled: true, appium:newCommandTimeout: 3600, appium:noReset: true, appium:pixelRatio: 2.75, appium:platformVersion: 10, appium:statBarHeight: 89, appium:takesScreenshot: true, appium:viewportRect: {height: 2157, left: 0, top: 89, width: 1080}, appium:waitForIdleTimeout: 100, appium:warnings: {}, appium:webStorageEnabled: false, platformName: ANDROID}
Session ID: 1374f028-2110-4984-8206-e8719199a990
at java.base/jdk.internal.reflect.DirectConstructorHandleAccessor.newInstance(DirectConstructorHandleAccessor.java:62)
at java.base/java.lang.reflect.Constructor.newInstanceWithCaller(Constructor.java:499)
at java.base/java.lang.reflect.Constructor.newInstance(Constructor.java:483)
at org.openqa.selenium.remote.codec.w3c.W3CHttpResponseCodec.createException(W3CHttpResponseCodec.java:200)
at org.openqa.selenium.remote.codec.w3c.W3CHttpResponseCodec.decode(W3CHttpResponseCodec.java:133)
at org.openqa.selenium.remote.codec.w3c.W3CHttpResponseCodec.decode(W3CHttpResponseCodec.java:52)
at org.openqa.selenium.remote.HttpCommandExecutor.execute(HttpCommandExecutor.java:191)
at io.appium.java_client.remote.AppiumCommandExecutor.execute(AppiumCommandExecutor.java:250)
at org.openqa.selenium.remote.RemoteWebDriver.execute(RemoteWebDriver.java:602)
at org.openqa.selenium.remote.ElementLocation$ElementFinder$2.findElement(ElementLocation.java:165)
at org.openqa.selenium.remote.ElementLocation.findElement(ElementLocation.java:59)
at org.openqa.selenium.remote.RemoteWebDriver.findElement(RemoteWebDriver.java:359)
at org.openqa.selenium.remote.RemoteWebDriver.findElement(RemoteWebDriver.java:353)
at com.project.tests.FileRecoveryTest.test02_LanguageSelectionAndBackTrap(FileRecoveryTest.java:67)
at java.base/jdk.internal.reflect.DirectMethodHandleAccessor.invoke(DirectMethodHandleAccessor.java:104)
at java.base/java.lang.reflect.Method.invoke(Method.java:565)
at org.testng.internal.invokers.MethodInvocationHelper.invokeMethod(MethodInvocationHelper.java:141)
at org.testng.internal.invokers.TestInvoker.invokeMethod(TestInvoker.java:686)
at org.testng.internal.invokers.TestInvoker.invokeTestMethod(TestInvoker.java:230)
at org.testng.internal.invokers.MethodRunner.runInSequence(MethodRunner.java:63)
at org.testng.internal.invokers.TestInvoker$MethodInvocationAgent.invoke(TestInvoker.java:992)
at org.testng.internal.invokers.TestInvoker.invokeTestMethods(TestInvoker.java:203)
at org.testng.internal.invokers.TestMethodWorker.invokeTestMethods(TestMethodWorker.java:154)
at org.testng.internal.invokers.TestMethodWorker.run(TestMethodWorker.java:134)
at java.base/java.util.ArrayList.forEach(ArrayList.java:1612)
at org.testng.TestRunner.privateRun(TestRunner.java:739)
at org.testng.TestRunner.run(TestRunner.java:614)
at org.testng.SuiteRunner.runTest(SuiteRunner.java:421)
at org.testng.SuiteRunner.runSequentially(SuiteRunner.java:413)
at org.testng.SuiteRunner.privateRun(SuiteRunner.java:373)
at org.testng.SuiteRunner.run(SuiteRunner.java:312)
at org.testng.SuiteRunnerWorker.runSuite(SuiteRunnerWorker.java:52)
at org.testng.SuiteRunnerWorker.run(SuiteRunnerWorker.java:95)
at org.testng.TestNG.runSuitesSequentially(TestNG.java:1274)
at org.testng.TestNG.runSuitesLocally(TestNG.java:1208)
at org.testng.TestNG.runSuites(TestNG.java:1112)
at org.testng.TestNG.run(TestNG.java:1079)
at com.project.cli.MenuRunner.executeTestNGClass(MenuRunner.java:141)
at com.project.cli.MenuRunner.main(MenuRunner.java:57)
at java.base/jdk.internal.reflect.DirectMethodHandleAccessor.invoke(DirectMethodHandleAccessor.java:104)
at java.base/java.lang.reflect.Method.invoke(Method.java:565)
at org.codehaus.mojo.exec.AbstractExecJavaBase.executeMainMethod(AbstractExecJavaBase.java:402)
at org.codehaus.mojo.exec.ExecJavaMojo.executeMainMethod(ExecJavaMojo.java:142)
at org.codehaus.mojo.exec.AbstractExecJavaBase.doExecClassLoader(AbstractExecJavaBase.java:377)
at org.codehaus.mojo.exec.AbstractExecJavaBase.lambda$execute$0(AbstractExecJavaBase.java:287)
at java.base/java.lang.Thread.run(Thread.java:1516)
]]>
    </error>
  </testcase> <!-- test02_LanguageSelectionAndBackTrap -->
  <testcase classname="com.project.tests.FileRecoveryTest" name="test03_FTUEOnboardingAds" time="25.079">
    <error message="An element could not be located on the page using the given search parameters.
For documentation on this error, please visit: https://www.selenium.dev/documentation/webdriver/troubleshooting/errors#no-such-element-exception
Build info: version: &#039;4.13.0&#039;, revision: &#039;ba948ece5b*&#039;
System info: os.name: &#039;Mac OS X&#039;, os.arch: &#039;aarch64&#039;, os.version: &#039;26.4.1&#039;, java.version: &#039;26.0.1&#039;
Driver info: io.appium.java_client.android.AndroidDriver
Command: [13abc036-b5b6-44ee-8f13-4177b737caa4, findElement {using=xpath, value=//*[@text=&#039;Next&#039;]}]
Capabilities {appium:appActivity: com.filerecovery.photovideo..., appium:appPackage: com.filerecovery.photovideo..., appium:autoLaunch: false, appium:automationName: UiAutomator2, appium:databaseEnabled: false, appium:desired: {appActivity: com.filerecovery.photovideo..., appPackage: com.filerecovery.photovideo..., autoLaunch: false, automationName: UiAutomator2, deviceName: 83fc08ef, disableWindowAnimation: true, ignoreHiddenApiPolicyError: true, ignoreUnimportantViews: true, newCommandTimeout: 3600, noReset: true, platformName: ANDROID, waitForIdleTimeout: 100}, appium:deviceApiLevel: 29, appium:deviceManufacturer: Xiaomi, appium:deviceModel: POCO F1, appium:deviceName: 83fc08ef, appium:deviceScreenDensity: 440, appium:deviceScreenSize: 1080x2246, appium:deviceUDID: 83fc08ef, appium:disableWindowAnimation: true, appium:ignoreHiddenApiPolicyError: true, appium:ignoreUnimportantViews: true, appium:javascriptEnabled: true, appium:locationContextEnabled: false, appium:networkConnectionEnabled: true, appium:newCommandTimeout: 3600, appium:noReset: true, appium:pixelRatio: 2.75, appium:platformVersion: 10, appium:statBarHeight: 89, appium:takesScreenshot: true, appium:viewportRect: {height: 2157, left: 0, top: 89, width: 1080}, appium:waitForIdleTimeout: 100, appium:warnings: {}, appium:webStorageEnabled: false, platformName: ANDROID}
Session ID: 13abc036-b5b6-44ee-8f13-4177b737caa4" type="org.openqa.selenium.NoSuchElementException">
      <![CDATA[org.openqa.selenium.NoSuchElementException: An element could not be located on the page using the given search parameters.
For documentation on this error, please visit: https://www.selenium.dev/documentation/webdriver/troubleshooting/errors#no-such-element-exception
Build info: version: '4.13.0', revision: 'ba948ece5b*'
System info: os.name: 'Mac OS X', os.arch: 'aarch64', os.version: '26.4.1', java.version: '26.0.1'
Driver info: io.appium.java_client.android.AndroidDriver
Command: [13abc036-b5b6-44ee-8f13-4177b737caa4, findElement {using=xpath, value=//*[@text='Next']}]
Capabilities {appium:appActivity: com.filerecovery.photovideo..., appium:appPackage: com.filerecovery.photovideo..., appium:autoLaunch: false, appium:automationName: UiAutomator2, appium:databaseEnabled: false, appium:desired: {appActivity: com.filerecovery.photovideo..., appPackage: com.filerecovery.photovideo..., autoLaunch: false, automationName: UiAutomator2, deviceName: 83fc08ef, disableWindowAnimation: true, ignoreHiddenApiPolicyError: true, ignoreUnimportantViews: true, newCommandTimeout: 3600, noReset: true, platformName: ANDROID, waitForIdleTimeout: 100}, appium:deviceApiLevel: 29, appium:deviceManufacturer: Xiaomi, appium:deviceModel: POCO F1, appium:deviceName: 83fc08ef, appium:deviceScreenDensity: 440, appium:deviceScreenSize: 1080x2246, appium:deviceUDID: 83fc08ef, appium:disableWindowAnimation: true, appium:ignoreHiddenApiPolicyError: true, appium:ignoreUnimportantViews: true, appium:javascriptEnabled: true, appium:locationContextEnabled: false, appium:networkConnectionEnabled: true, appium:newCommandTimeout: 3600, appium:noReset: true, appium:pixelRatio: 2.75, appium:platformVersion: 10, appium:statBarHeight: 89, appium:takesScreenshot: true, appium:viewportRect: {height: 2157, left: 0, top: 89, width: 1080}, appium:waitForIdleTimeout: 100, appium:warnings: {}, appium:webStorageEnabled: false, platformName: ANDROID}
Session ID: 13abc036-b5b6-44ee-8f13-4177b737caa4
at java.base/jdk.internal.reflect.DirectConstructorHandleAccessor.newInstance(DirectConstructorHandleAccessor.java:62)
at java.base/java.lang.reflect.Constructor.newInstanceWithCaller(Constructor.java:499)
at java.base/java.lang.reflect.Constructor.newInstance(Constructor.java:483)
at org.openqa.selenium.remote.codec.w3c.W3CHttpResponseCodec.createException(W3CHttpResponseCodec.java:200)
at org.openqa.selenium.remote.codec.w3c.W3CHttpResponseCodec.decode(W3CHttpResponseCodec.java:133)
at org.openqa.selenium.remote.codec.w3c.W3CHttpResponseCodec.decode(W3CHttpResponseCodec.java:52)
at org.openqa.selenium.remote.HttpCommandExecutor.execute(HttpCommandExecutor.java:191)
at io.appium.java_client.remote.AppiumCommandExecutor.execute(AppiumCommandExecutor.java:250)
at org.openqa.selenium.remote.RemoteWebDriver.execute(RemoteWebDriver.java:602)
at org.openqa.selenium.remote.ElementLocation$ElementFinder$2.findElement(ElementLocation.java:165)
at org.openqa.selenium.remote.ElementLocation.findElement(ElementLocation.java:59)
at org.openqa.selenium.remote.RemoteWebDriver.findElement(RemoteWebDriver.java:359)
at org.openqa.selenium.remote.RemoteWebDriver.findElement(RemoteWebDriver.java:353)
at com.project.tests.FileRecoveryTest.test03_FTUEOnboardingAds(FileRecoveryTest.java:103)
at java.base/jdk.internal.reflect.DirectMethodHandleAccessor.invoke(DirectMethodHandleAccessor.java:104)
at java.base/java.lang.reflect.Method.invoke(Method.java:565)
at org.testng.internal.invokers.MethodInvocationHelper.invokeMethod(MethodInvocationHelper.java:141)
at org.testng.internal.invokers.TestInvoker.invokeMethod(TestInvoker.java:686)
at org.testng.internal.invokers.TestInvoker.invokeTestMethod(TestInvoker.java:230)
at org.testng.internal.invokers.MethodRunner.runInSequence(MethodRunner.java:63)
at org.testng.internal.invokers.TestInvoker$MethodInvocationAgent.invoke(TestInvoker.java:992)
at org.testng.internal.invokers.TestInvoker.invokeTestMethods(TestInvoker.java:203)
at org.testng.internal.invokers.TestMethodWorker.invokeTestMethods(TestMethodWorker.java:154)
at org.testng.internal.invokers.TestMethodWorker.run(TestMethodWorker.java:134)
at java.base/java.util.ArrayList.forEach(ArrayList.java:1612)
at org.testng.TestRunner.privateRun(TestRunner.java:739)
at org.testng.TestRunner.run(TestRunner.java:614)
at org.testng.SuiteRunner.runTest(SuiteRunner.java:421)
at org.testng.SuiteRunner.runSequentially(SuiteRunner.java:413)
at org.testng.SuiteRunner.privateRun(SuiteRunner.java:373)
at org.testng.SuiteRunner.run(SuiteRunner.java:312)
at org.testng.SuiteRunnerWorker.runSuite(SuiteRunnerWorker.java:52)
at org.testng.SuiteRunnerWorker.run(SuiteRunnerWorker.java:95)
at org.testng.TestNG.runSuitesSequentially(TestNG.java:1274)
at org.testng.TestNG.runSuitesLocally(TestNG.java:1208)
at org.testng.TestNG.runSuites(TestNG.java:1112)
at org.testng.TestNG.run(TestNG.java:1079)
at com.project.cli.MenuRunner.executeTestNGClass(MenuRunner.java:141)
at com.project.cli.MenuRunner.main(MenuRunner.java:57)
at java.base/jdk.internal.reflect.DirectMethodHandleAccessor.invoke(DirectMethodHandleAccessor.java:104)
at java.base/java.lang.reflect.Method.invoke(Method.java:565)
at org.codehaus.mojo.exec.AbstractExecJavaBase.executeMainMethod(AbstractExecJavaBase.java:402)
at org.codehaus.mojo.exec.ExecJavaMojo.executeMainMethod(ExecJavaMojo.java:142)
at org.codehaus.mojo.exec.AbstractExecJavaBase.doExecClassLoader(AbstractExecJavaBase.java:377)
at org.codehaus.mojo.exec.AbstractExecJavaBase.lambda$execute$0(AbstractExecJavaBase.java:287)
at java.base/java.lang.Thread.run(Thread.java:1516)
]]>
    </error>
  </testcase> <!-- test03_FTUEOnboardingAds -->
  <testcase classname="com.project.tests.FileRecoveryTest" name="test04_SubscriptionAndPermissionTrap" time="35.588">
    <error message="An element could not be located on the page using the given search parameters.
For documentation on this error, please visit: https://www.selenium.dev/documentation/webdriver/troubleshooting/errors#no-such-element-exception
Build info: version: &#039;4.13.0&#039;, revision: &#039;ba948ece5b*&#039;
System info: os.name: &#039;Mac OS X&#039;, os.arch: &#039;aarch64&#039;, os.version: &#039;26.4.1&#039;, java.version: &#039;26.0.1&#039;
Driver info: io.appium.java_client.android.AndroidDriver
Command: [62c6d2ff-3a1f-46c8-a6c0-151a0a05dfa1, findElement {using=xpath, value=//*[@text=&#039;Grant Permission&#039;]}]
Capabilities {appium:appActivity: com.filerecovery.photovideo..., appium:appPackage: com.filerecovery.photovideo..., appium:autoLaunch: false, appium:automationName: UiAutomator2, appium:databaseEnabled: false, appium:desired: {appActivity: com.filerecovery.photovideo..., appPackage: com.filerecovery.photovideo..., autoLaunch: false, automationName: UiAutomator2, deviceName: 83fc08ef, disableWindowAnimation: true, ignoreHiddenApiPolicyError: true, ignoreUnimportantViews: true, newCommandTimeout: 3600, noReset: true, platformName: ANDROID, waitForIdleTimeout: 100}, appium:deviceApiLevel: 29, appium:deviceManufacturer: Xiaomi, appium:deviceModel: POCO F1, appium:deviceName: 83fc08ef, appium:deviceScreenDensity: 440, appium:deviceScreenSize: 1080x2246, appium:deviceUDID: 83fc08ef, appium:disableWindowAnimation: true, appium:ignoreHiddenApiPolicyError: true, appium:ignoreUnimportantViews: true, appium:javascriptEnabled: true, appium:locationContextEnabled: false, appium:networkConnectionEnabled: true, appium:newCommandTimeout: 3600, appium:noReset: true, appium:pixelRatio: 2.75, appium:platformVersion: 10, appium:statBarHeight: 89, appium:takesScreenshot: true, appium:viewportRect: {height: 2157, left: 0, top: 89, width: 1080}, appium:waitForIdleTimeout: 100, appium:warnings: {}, appium:webStorageEnabled: false, platformName: ANDROID}
Session ID: 62c6d2ff-3a1f-46c8-a6c0-151a0a05dfa1" type="org.openqa.selenium.NoSuchElementException">
      <![CDATA[org.openqa.selenium.NoSuchElementException: An element could not be located on the page using the given search parameters.
For documentation on this error, please visit: https://www.selenium.dev/documentation/webdriver/troubleshooting/errors#no-such-element-exception
Build info: version: '4.13.0', revision: 'ba948ece5b*'
System info: os.name: 'Mac OS X', os.arch: 'aarch64', os.version: '26.4.1', java.version: '26.0.1'
Driver info: io.appium.java_client.android.AndroidDriver
Command: [62c6d2ff-3a1f-46c8-a6c0-151a0a05dfa1, findElement {using=xpath, value=//*[@text='Grant Permission']}]
Capabilities {appium:appActivity: com.filerecovery.photovideo..., appium:appPackage: com.filerecovery.photovideo..., appium:autoLaunch: false, appium:automationName: UiAutomator2, appium:databaseEnabled: false, appium:desired: {appActivity: com.filerecovery.photovideo..., appPackage: com.filerecovery.photovideo..., autoLaunch: false, automationName: UiAutomator2, deviceName: 83fc08ef, disableWindowAnimation: true, ignoreHiddenApiPolicyError: true, ignoreUnimportantViews: true, newCommandTimeout: 3600, noReset: true, platformName: ANDROID, waitForIdleTimeout: 100}, appium:deviceApiLevel: 29, appium:deviceManufacturer: Xiaomi, appium:deviceModel: POCO F1, appium:deviceName: 83fc08ef, appium:deviceScreenDensity: 440, appium:deviceScreenSize: 1080x2246, appium:deviceUDID: 83fc08ef, appium:disableWindowAnimation: true, appium:ignoreHiddenApiPolicyError: true, appium:ignoreUnimportantViews: true, appium:javascriptEnabled: true, appium:locationContextEnabled: false, appium:networkConnectionEnabled: true, appium:newCommandTimeout: 3600, appium:noReset: true, appium:pixelRatio: 2.75, appium:platformVersion: 10, appium:statBarHeight: 89, appium:takesScreenshot: true, appium:viewportRect: {height: 2157, left: 0, top: 89, width: 1080}, appium:waitForIdleTimeout: 100, appium:warnings: {}, appium:webStorageEnabled: false, platformName: ANDROID}
Session ID: 62c6d2ff-3a1f-46c8-a6c0-151a0a05dfa1
at java.base/jdk.internal.reflect.DirectConstructorHandleAccessor.newInstance(DirectConstructorHandleAccessor.java:62)
at java.base/java.lang.reflect.Constructor.newInstanceWithCaller(Constructor.java:499)
at java.base/java.lang.reflect.Constructor.newInstance(Constructor.java:483)
at org.openqa.selenium.remote.codec.w3c.W3CHttpResponseCodec.createException(W3CHttpResponseCodec.java:200)
at org.openqa.selenium.remote.codec.w3c.W3CHttpResponseCodec.decode(W3CHttpResponseCodec.java:133)
at org.openqa.selenium.remote.codec.w3c.W3CHttpResponseCodec.decode(W3CHttpResponseCodec.java:52)
at org.openqa.selenium.remote.HttpCommandExecutor.execute(HttpCommandExecutor.java:191)
at io.appium.java_client.remote.AppiumCommandExecutor.execute(AppiumCommandExecutor.java:250)
at org.openqa.selenium.remote.RemoteWebDriver.execute(RemoteWebDriver.java:602)
at org.openqa.selenium.remote.ElementLocation$ElementFinder$2.findElement(ElementLocation.java:165)
at org.openqa.selenium.remote.ElementLocation.findElement(ElementLocation.java:59)
at org.openqa.selenium.remote.RemoteWebDriver.findElement(RemoteWebDriver.java:359)
at org.openqa.selenium.remote.RemoteWebDriver.findElement(RemoteWebDriver.java:353)
at com.project.tests.FileRecoveryTest.test04_SubscriptionAndPermissionTrap(FileRecoveryTest.java:128)
at java.base/jdk.internal.reflect.DirectMethodHandleAccessor.invoke(DirectMethodHandleAccessor.java:104)
at java.base/java.lang.reflect.Method.invoke(Method.java:565)
at org.testng.internal.invokers.MethodInvocationHelper.invokeMethod(MethodInvocationHelper.java:141)
at org.testng.internal.invokers.TestInvoker.invokeMethod(TestInvoker.java:686)
at org.testng.internal.invokers.TestInvoker.invokeTestMethod(TestInvoker.java:230)
at org.testng.internal.invokers.MethodRunner.runInSequence(MethodRunner.java:63)
at org.testng.internal.invokers.TestInvoker$MethodInvocationAgent.invoke(TestInvoker.java:992)
at org.testng.internal.invokers.TestInvoker.invokeTestMethods(TestInvoker.java:203)
at org.testng.internal.invokers.TestMethodWorker.invokeTestMethods(TestMethodWorker.java:154)
at org.testng.internal.invokers.TestMethodWorker.run(TestMethodWorker.java:134)
at java.base/java.util.ArrayList.forEach(ArrayList.java:1612)
at org.testng.TestRunner.privateRun(TestRunner.java:739)
at org.testng.TestRunner.run(TestRunner.java:614)
at org.testng.SuiteRunner.runTest(SuiteRunner.java:421)
at org.testng.SuiteRunner.runSequentially(SuiteRunner.java:413)
at org.testng.SuiteRunner.privateRun(SuiteRunner.java:373)
at org.testng.SuiteRunner.run(SuiteRunner.java:312)
at org.testng.SuiteRunnerWorker.runSuite(SuiteRunnerWorker.java:52)
at org.testng.SuiteRunnerWorker.run(SuiteRunnerWorker.java:95)
at org.testng.TestNG.runSuitesSequentially(TestNG.java:1274)
at org.testng.TestNG.runSuitesLocally(TestNG.java:1208)
at org.testng.TestNG.runSuites(TestNG.java:1112)
at org.testng.TestNG.run(TestNG.java:1079)
at com.project.cli.MenuRunner.executeTestNGClass(MenuRunner.java:141)
at com.project.cli.MenuRunner.main(MenuRunner.java:57)
at java.base/jdk.internal.reflect.DirectMethodHandleAccessor.invoke(DirectMethodHandleAccessor.java:104)
at java.base/java.lang.reflect.Method.invoke(Method.java:565)
at org.codehaus.mojo.exec.AbstractExecJavaBase.executeMainMethod(AbstractExecJavaBase.java:402)
at org.codehaus.mojo.exec.ExecJavaMojo.executeMainMethod(ExecJavaMojo.java:142)
at org.codehaus.mojo.exec.AbstractExecJavaBase.doExecClassLoader(AbstractExecJavaBase.java:377)
at org.codehaus.mojo.exec.AbstractExecJavaBase.lambda$execute$0(AbstractExecJavaBase.java:287)
at java.base/java.lang.Thread.run(Thread.java:1516)
]]>
    </error>
  </testcase> <!-- test04_SubscriptionAndPermissionTrap -->
  <testcase classname="com.project.tests.FileRecoveryTest" name="test05_SubscriptionBugsAndToast" time="28.235">
    <error message="An element could not be located on the page using the given search parameters.
For documentation on this error, please visit: https://www.selenium.dev/documentation/webdriver/troubleshooting/errors#no-such-element-exception
Build info: version: &#039;4.13.0&#039;, revision: &#039;ba948ece5b*&#039;
System info: os.name: &#039;Mac OS X&#039;, os.arch: &#039;aarch64&#039;, os.version: &#039;26.4.1&#039;, java.version: &#039;26.0.1&#039;
Driver info: io.appium.java_client.android.AndroidDriver
Command: [209d3bd7-7be1-43d1-8123-70e72e6e0967, findElement {using=xpath, value=//*[@content-desc=&#039;Premium&#039;]}]
Capabilities {appium:appActivity: com.filerecovery.photovideo..., appium:appPackage: com.filerecovery.photovideo..., appium:autoLaunch: false, appium:automationName: UiAutomator2, appium:databaseEnabled: false, appium:desired: {appActivity: com.filerecovery.photovideo..., appPackage: com.filerecovery.photovideo..., autoLaunch: false, automationName: UiAutomator2, deviceName: 83fc08ef, disableWindowAnimation: true, ignoreHiddenApiPolicyError: true, ignoreUnimportantViews: true, newCommandTimeout: 3600, noReset: true, platformName: ANDROID, waitForIdleTimeout: 100}, appium:deviceApiLevel: 29, appium:deviceManufacturer: Xiaomi, appium:deviceModel: POCO F1, appium:deviceName: 83fc08ef, appium:deviceScreenDensity: 440, appium:deviceScreenSize: 1080x2246, appium:deviceUDID: 83fc08ef, appium:disableWindowAnimation: true, appium:ignoreHiddenApiPolicyError: true, appium:ignoreUnimportantViews: true, appium:javascriptEnabled: true, appium:locationContextEnabled: false, appium:networkConnectionEnabled: true, appium:newCommandTimeout: 3600, appium:noReset: true, appium:pixelRatio: 2.75, appium:platformVersion: 10, appium:statBarHeight: 89, appium:takesScreenshot: true, appium:viewportRect: {height: 2157, left: 0, top: 89, width: 1080}, appium:waitForIdleTimeout: 100, appium:warnings: {}, appium:webStorageEnabled: false, platformName: ANDROID}
Session ID: 209d3bd7-7be1-43d1-8123-70e72e6e0967" type="org.openqa.selenium.NoSuchElementException">
      <![CDATA[org.openqa.selenium.NoSuchElementException: An element could not be located on the page using the given search parameters.
For documentation on this error, please visit: https://www.selenium.dev/documentation/webdriver/troubleshooting/errors#no-such-element-exception
Build info: version: '4.13.0', revision: 'ba948ece5b*'
System info: os.name: 'Mac OS X', os.arch: 'aarch64', os.version: '26.4.1', java.version: '26.0.1'
Driver info: io.appium.java_client.android.AndroidDriver
Command: [209d3bd7-7be1-43d1-8123-70e72e6e0967, findElement {using=xpath, value=//*[@content-desc='Premium']}]
Capabilities {appium:appActivity: com.filerecovery.photovideo..., appium:appPackage: com.filerecovery.photovideo..., appium:autoLaunch: false, appium:automationName: UiAutomator2, appium:databaseEnabled: false, appium:desired: {appActivity: com.filerecovery.photovideo..., appPackage: com.filerecovery.photovideo..., autoLaunch: false, automationName: UiAutomator2, deviceName: 83fc08ef, disableWindowAnimation: true, ignoreHiddenApiPolicyError: true, ignoreUnimportantViews: true, newCommandTimeout: 3600, noReset: true, platformName: ANDROID, waitForIdleTimeout: 100}, appium:deviceApiLevel: 29, appium:deviceManufacturer: Xiaomi, appium:deviceModel: POCO F1, appium:deviceName: 83fc08ef, appium:deviceScreenDensity: 440, appium:deviceScreenSize: 1080x2246, appium:deviceUDID: 83fc08ef, appium:disableWindowAnimation: true, appium:ignoreHiddenApiPolicyError: true, appium:ignoreUnimportantViews: true, appium:javascriptEnabled: true, appium:locationContextEnabled: false, appium:networkConnectionEnabled: true, appium:newCommandTimeout: 3600, appium:noReset: true, appium:pixelRatio: 2.75, appium:platformVersion: 10, appium:statBarHeight: 89, appium:takesScreenshot: true, appium:viewportRect: {height: 2157, left: 0, top: 89, width: 1080}, appium:waitForIdleTimeout: 100, appium:warnings: {}, appium:webStorageEnabled: false, platformName: ANDROID}
Session ID: 209d3bd7-7be1-43d1-8123-70e72e6e0967
at java.base/jdk.internal.reflect.DirectConstructorHandleAccessor.newInstance(DirectConstructorHandleAccessor.java:62)
at java.base/java.lang.reflect.Constructor.newInstanceWithCaller(Constructor.java:499)
at java.base/java.lang.reflect.Constructor.newInstance(Constructor.java:483)
at org.openqa.selenium.remote.codec.w3c.W3CHttpResponseCodec.createException(W3CHttpResponseCodec.java:200)
at org.openqa.selenium.remote.codec.w3c.W3CHttpResponseCodec.decode(W3CHttpResponseCodec.java:133)
at org.openqa.selenium.remote.codec.w3c.W3CHttpResponseCodec.decode(W3CHttpResponseCodec.java:52)
at org.openqa.selenium.remote.HttpCommandExecutor.execute(HttpCommandExecutor.java:191)
at io.appium.java_client.remote.AppiumCommandExecutor.execute(AppiumCommandExecutor.java:250)
at org.openqa.selenium.remote.RemoteWebDriver.execute(RemoteWebDriver.java:602)
at org.openqa.selenium.remote.ElementLocation$ElementFinder$2.findElement(ElementLocation.java:165)
at org.openqa.selenium.remote.ElementLocation.findElement(ElementLocation.java:59)
at org.openqa.selenium.remote.RemoteWebDriver.findElement(RemoteWebDriver.java:359)
at org.openqa.selenium.remote.RemoteWebDriver.findElement(RemoteWebDriver.java:353)
at com.project.tests.FileRecoveryTest.test05_SubscriptionBugsAndToast(FileRecoveryTest.java:174)
at java.base/jdk.internal.reflect.DirectMethodHandleAccessor.invoke(DirectMethodHandleAccessor.java:104)
at java.base/java.lang.reflect.Method.invoke(Method.java:565)
at org.testng.internal.invokers.MethodInvocationHelper.invokeMethod(MethodInvocationHelper.java:141)
at org.testng.internal.invokers.TestInvoker.invokeMethod(TestInvoker.java:686)
at org.testng.internal.invokers.TestInvoker.invokeTestMethod(TestInvoker.java:230)
at org.testng.internal.invokers.MethodRunner.runInSequence(MethodRunner.java:63)
at org.testng.internal.invokers.TestInvoker$MethodInvocationAgent.invoke(TestInvoker.java:992)
at org.testng.internal.invokers.TestInvoker.invokeTestMethods(TestInvoker.java:203)
at org.testng.internal.invokers.TestMethodWorker.invokeTestMethods(TestMethodWorker.java:154)
at org.testng.internal.invokers.TestMethodWorker.run(TestMethodWorker.java:134)
at java.base/java.util.ArrayList.forEach(ArrayList.java:1612)
at org.testng.TestRunner.privateRun(TestRunner.java:739)
at org.testng.TestRunner.run(TestRunner.java:614)
at org.testng.SuiteRunner.runTest(SuiteRunner.java:421)
at org.testng.SuiteRunner.runSequentially(SuiteRunner.java:413)
at org.testng.SuiteRunner.privateRun(SuiteRunner.java:373)
at org.testng.SuiteRunner.run(SuiteRunner.java:312)
at org.testng.SuiteRunnerWorker.runSuite(SuiteRunnerWorker.java:52)
at org.testng.SuiteRunnerWorker.run(SuiteRunnerWorker.java:95)
at org.testng.TestNG.runSuitesSequentially(TestNG.java:1274)
at org.testng.TestNG.runSuitesLocally(TestNG.java:1208)
at org.testng.TestNG.runSuites(TestNG.java:1112)
at org.testng.TestNG.run(TestNG.java:1079)
at com.project.cli.MenuRunner.executeTestNGClass(MenuRunner.java:141)
at com.project.cli.MenuRunner.main(MenuRunner.java:57)
at java.base/jdk.internal.reflect.DirectMethodHandleAccessor.invoke(DirectMethodHandleAccessor.java:104)
at java.base/java.lang.reflect.Method.invoke(Method.java:565)
at org.codehaus.mojo.exec.AbstractExecJavaBase.executeMainMethod(AbstractExecJavaBase.java:402)
at org.codehaus.mojo.exec.ExecJavaMojo.executeMainMethod(ExecJavaMojo.java:142)
at org.codehaus.mojo.exec.AbstractExecJavaBase.doExecClassLoader(AbstractExecJavaBase.java:377)
at org.codehaus.mojo.exec.AbstractExecJavaBase.lambda$execute$0(AbstractExecJavaBase.java:287)
at java.base/java.lang.Thread.run(Thread.java:1516)
]]>
    </error>
  </testcase> <!-- test05_SubscriptionBugsAndToast -->
  <testcase classname="com.project.tests.FileRecoveryTest" name="test06_StorageDataParityCheck" time="35.572">
    <error message="Expected condition failed: waiting for visibility of element located by AppiumBy.id: com.miui.securitycenter:id/summary2 (tried for 15 second(s) with 500 milliseconds interval)
Build info: version: &#039;4.13.0&#039;, revision: &#039;ba948ece5b*&#039;
System info: os.name: &#039;Mac OS X&#039;, os.arch: &#039;aarch64&#039;, os.version: &#039;26.4.1&#039;, java.version: &#039;26.0.1&#039;
Driver info: io.appium.java_client.android.AndroidDriver
Capabilities {appium:appActivity: com.filerecovery.photovideo..., appium:appPackage: com.filerecovery.photovideo..., appium:autoLaunch: false, appium:automationName: UiAutomator2, appium:databaseEnabled: false, appium:desired: {appActivity: com.filerecovery.photovideo..., appPackage: com.filerecovery.photovideo..., autoLaunch: false, automationName: UiAutomator2, deviceName: 83fc08ef, disableWindowAnimation: true, ignoreHiddenApiPolicyError: true, ignoreUnimportantViews: true, newCommandTimeout: 3600, noReset: true, platformName: ANDROID, waitForIdleTimeout: 100}, appium:deviceApiLevel: 29, appium:deviceManufacturer: Xiaomi, appium:deviceModel: POCO F1, appium:deviceName: 83fc08ef, appium:deviceScreenDensity: 440, appium:deviceScreenSize: 1080x2246, appium:deviceUDID: 83fc08ef, appium:disableWindowAnimation: true, appium:ignoreHiddenApiPolicyError: true, appium:ignoreUnimportantViews: true, appium:javascriptEnabled: true, appium:locationContextEnabled: false, appium:networkConnectionEnabled: true, appium:newCommandTimeout: 3600, appium:noReset: true, appium:pixelRatio: 2.75, appium:platformVersion: 10, appium:statBarHeight: 89, appium:takesScreenshot: true, appium:viewportRect: {height: 2157, left: 0, top: 89, width: 1080}, appium:waitForIdleTimeout: 100, appium:warnings: {}, appium:webStorageEnabled: false, platformName: ANDROID}
Session ID: d2eb7115-89fe-4615-865f-434f7b2b43e6" type="org.openqa.selenium.TimeoutException">
      <![CDATA[org.openqa.selenium.TimeoutException: Expected condition failed: waiting for visibility of element located by AppiumBy.id: com.miui.securitycenter:id/summary2 (tried for 15 second(s) with 500 milliseconds interval)
Build info: version: '4.13.0', revision: 'ba948ece5b*'
System info: os.name: 'Mac OS X', os.arch: 'aarch64', os.version: '26.4.1', java.version: '26.0.1'
Driver info: io.appium.java_client.android.AndroidDriver
Capabilities {appium:appActivity: com.filerecovery.photovideo..., appium:appPackage: com.filerecovery.photovideo..., appium:autoLaunch: false, appium:automationName: UiAutomator2, appium:databaseEnabled: false, appium:desired: {appActivity: com.filerecovery.photovideo..., appPackage: com.filerecovery.photovideo..., autoLaunch: false, automationName: UiAutomator2, deviceName: 83fc08ef, disableWindowAnimation: true, ignoreHiddenApiPolicyError: true, ignoreUnimportantViews: true, newCommandTimeout: 3600, noReset: true, platformName: ANDROID, waitForIdleTimeout: 100}, appium:deviceApiLevel: 29, appium:deviceManufacturer: Xiaomi, appium:deviceModel: POCO F1, appium:deviceName: 83fc08ef, appium:deviceScreenDensity: 440, appium:deviceScreenSize: 1080x2246, appium:deviceUDID: 83fc08ef, appium:disableWindowAnimation: true, appium:ignoreHiddenApiPolicyError: true, appium:ignoreUnimportantViews: true, appium:javascriptEnabled: true, appium:locationContextEnabled: false, appium:networkConnectionEnabled: true, appium:newCommandTimeout: 3600, appium:noReset: true, appium:pixelRatio: 2.75, appium:platformVersion: 10, appium:statBarHeight: 89, appium:takesScreenshot: true, appium:viewportRect: {height: 2157, left: 0, top: 89, width: 1080}, appium:waitForIdleTimeout: 100, appium:warnings: {}, appium:webStorageEnabled: false, platformName: ANDROID}
Session ID: d2eb7115-89fe-4615-865f-434f7b2b43e6
at org.openqa.selenium.support.ui.WebDriverWait.timeoutException(WebDriverWait.java:84)
at org.openqa.selenium.support.ui.FluentWait.until(FluentWait.java:230)
at com.project.tests.FileRecoveryTest.test06_StorageDataParityCheck(FileRecoveryTest.java:209)
at java.base/jdk.internal.reflect.DirectMethodHandleAccessor.invoke(DirectMethodHandleAccessor.java:104)
at java.base/java.lang.reflect.Method.invoke(Method.java:565)
at org.testng.internal.invokers.MethodInvocationHelper.invokeMethod(MethodInvocationHelper.java:141)
at org.testng.internal.invokers.TestInvoker.invokeMethod(TestInvoker.java:686)
at org.testng.internal.invokers.TestInvoker.invokeTestMethod(TestInvoker.java:230)
at org.testng.internal.invokers.MethodRunner.runInSequence(MethodRunner.java:63)
at org.testng.internal.invokers.TestInvoker$MethodInvocationAgent.invoke(TestInvoker.java:992)
at org.testng.internal.invokers.TestInvoker.invokeTestMethods(TestInvoker.java:203)
at org.testng.internal.invokers.TestMethodWorker.invokeTestMethods(TestMethodWorker.java:154)
at org.testng.internal.invokers.TestMethodWorker.run(TestMethodWorker.java:134)
at java.base/java.util.ArrayList.forEach(ArrayList.java:1612)
at org.testng.TestRunner.privateRun(TestRunner.java:739)
at org.testng.TestRunner.run(TestRunner.java:614)
at org.testng.SuiteRunner.runTest(SuiteRunner.java:421)
at org.testng.SuiteRunner.runSequentially(SuiteRunner.java:413)
at org.testng.SuiteRunner.privateRun(SuiteRunner.java:373)
at org.testng.SuiteRunner.run(SuiteRunner.java:312)
at org.testng.SuiteRunnerWorker.runSuite(SuiteRunnerWorker.java:52)
at org.testng.SuiteRunnerWorker.run(SuiteRunnerWorker.java:95)
at org.testng.TestNG.runSuitesSequentially(TestNG.java:1274)
at org.testng.TestNG.runSuitesLocally(TestNG.java:1208)
at org.testng.TestNG.runSuites(TestNG.java:1112)
at org.testng.TestNG.run(TestNG.java:1079)
at com.project.cli.MenuRunner.executeTestNGClass(MenuRunner.java:141)
at com.project.cli.MenuRunner.main(MenuRunner.java:57)
at java.base/jdk.internal.reflect.DirectMethodHandleAccessor.invoke(DirectMethodHandleAccessor.java:104)
at java.base/java.lang.reflect.Method.invoke(Method.java:565)
at org.codehaus.mojo.exec.AbstractExecJavaBase.executeMainMethod(AbstractExecJavaBase.java:402)
at org.codehaus.mojo.exec.ExecJavaMojo.executeMainMethod(ExecJavaMojo.java:142)
at org.codehaus.mojo.exec.AbstractExecJavaBase.doExecClassLoader(AbstractExecJavaBase.java:377)
at org.codehaus.mojo.exec.AbstractExecJavaBase.lambda$execute$0(AbstractExecJavaBase.java:287)
at java.base/java.lang.Thread.run(Thread.java:1516)
]]>
    </error>
  </testcase> <!-- test06_StorageDataParityCheck -->
  <testcase classname="com.project.tests.FileRecoveryTest" name="test07_CrossAppRoutingAndPermissions" time="15.206">
    <error message="An element could not be located on the page using the given search parameters.
For documentation on this error, please visit: https://www.selenium.dev/documentation/webdriver/troubleshooting/errors#no-such-element-exception
Build info: version: &#039;4.13.0&#039;, revision: &#039;ba948ece5b*&#039;
System info: os.name: &#039;Mac OS X&#039;, os.arch: &#039;aarch64&#039;, os.version: &#039;26.4.1&#039;, java.version: &#039;26.0.1&#039;
Driver info: io.appium.java_client.android.AndroidDriver
Command: [a894525a-2491-49de-b984-781b099cf37f, findElement {using=xpath, value=//*[@text=&#039;Privacy Policy&#039;]}]
Capabilities {appium:appActivity: com.filerecovery.photovideo..., appium:appPackage: com.filerecovery.photovideo..., appium:autoLaunch: false, appium:automationName: UiAutomator2, appium:databaseEnabled: false, appium:desired: {appActivity: com.filerecovery.photovideo..., appPackage: com.filerecovery.photovideo..., autoLaunch: false, automationName: UiAutomator2, deviceName: 83fc08ef, disableWindowAnimation: true, ignoreHiddenApiPolicyError: true, ignoreUnimportantViews: true, newCommandTimeout: 3600, noReset: true, platformName: ANDROID, waitForIdleTimeout: 100}, appium:deviceApiLevel: 29, appium:deviceManufacturer: Xiaomi, appium:deviceModel: POCO F1, appium:deviceName: 83fc08ef, appium:deviceScreenDensity: 440, appium:deviceScreenSize: 1080x2246, appium:deviceUDID: 83fc08ef, appium:disableWindowAnimation: true, appium:ignoreHiddenApiPolicyError: true, appium:ignoreUnimportantViews: true, appium:javascriptEnabled: true, appium:locationContextEnabled: false, appium:networkConnectionEnabled: true, appium:newCommandTimeout: 3600, appium:noReset: true, appium:pixelRatio: 2.75, appium:platformVersion: 10, appium:statBarHeight: 89, appium:takesScreenshot: true, appium:viewportRect: {height: 2157, left: 0, top: 89, width: 1080}, appium:waitForIdleTimeout: 100, appium:warnings: {}, appium:webStorageEnabled: false, platformName: ANDROID}
Session ID: a894525a-2491-49de-b984-781b099cf37f" type="org.openqa.selenium.NoSuchElementException">
      <![CDATA[org.openqa.selenium.NoSuchElementException: An element could not be located on the page using the given search parameters.
For documentation on this error, please visit: https://www.selenium.dev/documentation/webdriver/troubleshooting/errors#no-such-element-exception
Build info: version: '4.13.0', revision: 'ba948ece5b*'
System info: os.name: 'Mac OS X', os.arch: 'aarch64', os.version: '26.4.1', java.version: '26.0.1'
Driver info: io.appium.java_client.android.AndroidDriver
Command: [a894525a-2491-49de-b984-781b099cf37f, findElement {using=xpath, value=//*[@text='Privacy Policy']}]
Capabilities {appium:appActivity: com.filerecovery.photovideo..., appium:appPackage: com.filerecovery.photovideo..., appium:autoLaunch: false, appium:automationName: UiAutomator2, appium:databaseEnabled: false, appium:desired: {appActivity: com.filerecovery.photovideo..., appPackage: com.filerecovery.photovideo..., autoLaunch: false, automationName: UiAutomator2, deviceName: 83fc08ef, disableWindowAnimation: true, ignoreHiddenApiPolicyError: true, ignoreUnimportantViews: true, newCommandTimeout: 3600, noReset: true, platformName: ANDROID, waitForIdleTimeout: 100}, appium:deviceApiLevel: 29, appium:deviceManufacturer: Xiaomi, appium:deviceModel: POCO F1, appium:deviceName: 83fc08ef, appium:deviceScreenDensity: 440, appium:deviceScreenSize: 1080x2246, appium:deviceUDID: 83fc08ef, appium:disableWindowAnimation: true, appium:ignoreHiddenApiPolicyError: true, appium:ignoreUnimportantViews: true, appium:javascriptEnabled: true, appium:locationContextEnabled: false, appium:networkConnectionEnabled: true, appium:newCommandTimeout: 3600, appium:noReset: true, appium:pixelRatio: 2.75, appium:platformVersion: 10, appium:statBarHeight: 89, appium:takesScreenshot: true, appium:viewportRect: {height: 2157, left: 0, top: 89, width: 1080}, appium:waitForIdleTimeout: 100, appium:warnings: {}, appium:webStorageEnabled: false, platformName: ANDROID}
Session ID: a894525a-2491-49de-b984-781b099cf37f
at java.base/jdk.internal.reflect.DirectConstructorHandleAccessor.newInstance(DirectConstructorHandleAccessor.java:62)
at java.base/java.lang.reflect.Constructor.newInstanceWithCaller(Constructor.java:499)
at java.base/java.lang.reflect.Constructor.newInstance(Constructor.java:483)
at org.openqa.selenium.remote.codec.w3c.W3CHttpResponseCodec.createException(W3CHttpResponseCodec.java:200)
at org.openqa.selenium.remote.codec.w3c.W3CHttpResponseCodec.decode(W3CHttpResponseCodec.java:133)
at org.openqa.selenium.remote.codec.w3c.W3CHttpResponseCodec.decode(W3CHttpResponseCodec.java:52)
at org.openqa.selenium.remote.HttpCommandExecutor.execute(HttpCommandExecutor.java:191)
at io.appium.java_client.remote.AppiumCommandExecutor.execute(AppiumCommandExecutor.java:250)
at org.openqa.selenium.remote.RemoteWebDriver.execute(RemoteWebDriver.java:602)
at org.openqa.selenium.remote.ElementLocation$ElementFinder$2.findElement(ElementLocation.java:165)
at org.openqa.selenium.remote.ElementLocation.findElement(ElementLocation.java:59)
at org.openqa.selenium.remote.RemoteWebDriver.findElement(RemoteWebDriver.java:359)
at org.openqa.selenium.remote.RemoteWebDriver.findElement(RemoteWebDriver.java:353)
at com.project.tests.FileRecoveryTest.test07_CrossAppRoutingAndPermissions(FileRecoveryTest.java:245)
at java.base/jdk.internal.reflect.DirectMethodHandleAccessor.invoke(DirectMethodHandleAccessor.java:104)
at java.base/java.lang.reflect.Method.invoke(Method.java:565)
at org.testng.internal.invokers.MethodInvocationHelper.invokeMethod(MethodInvocationHelper.java:141)
at org.testng.internal.invokers.TestInvoker.invokeMethod(TestInvoker.java:686)
at org.testng.internal.invokers.TestInvoker.invokeTestMethod(TestInvoker.java:230)
at org.testng.internal.invokers.MethodRunner.runInSequence(MethodRunner.java:63)
at org.testng.internal.invokers.TestInvoker$MethodInvocationAgent.invoke(TestInvoker.java:992)
at org.testng.internal.invokers.TestInvoker.invokeTestMethods(TestInvoker.java:203)
at org.testng.internal.invokers.TestMethodWorker.invokeTestMethods(TestMethodWorker.java:154)
at org.testng.internal.invokers.TestMethodWorker.run(TestMethodWorker.java:134)
at java.base/java.util.ArrayList.forEach(ArrayList.java:1612)
at org.testng.TestRunner.privateRun(TestRunner.java:739)
at org.testng.TestRunner.run(TestRunner.java:614)
at org.testng.SuiteRunner.runTest(SuiteRunner.java:421)
at org.testng.SuiteRunner.runSequentially(SuiteRunner.java:413)
at org.testng.SuiteRunner.privateRun(SuiteRunner.java:373)
at org.testng.SuiteRunner.run(SuiteRunner.java:312)
at org.testng.SuiteRunnerWorker.runSuite(SuiteRunnerWorker.java:52)
at org.testng.SuiteRunnerWorker.run(SuiteRunnerWorker.java:95)
at org.testng.TestNG.runSuitesSequentially(TestNG.java:1274)
at org.testng.TestNG.runSuitesLocally(TestNG.java:1208)
at org.testng.TestNG.runSuites(TestNG.java:1112)
at org.testng.TestNG.run(TestNG.java:1079)
at com.project.cli.MenuRunner.executeTestNGClass(MenuRunner.java:141)
at com.project.cli.MenuRunner.main(MenuRunner.java:57)
at java.base/jdk.internal.reflect.DirectMethodHandleAccessor.invoke(DirectMethodHandleAccessor.java:104)
at java.base/java.lang.reflect.Method.invoke(Method.java:565)
at org.codehaus.mojo.exec.AbstractExecJavaBase.executeMainMethod(AbstractExecJavaBase.java:402)
at org.codehaus.mojo.exec.ExecJavaMojo.executeMainMethod(ExecJavaMojo.java:142)
at org.codehaus.mojo.exec.AbstractExecJavaBase.doExecClassLoader(AbstractExecJavaBase.java:377)
at org.codehaus.mojo.exec.AbstractExecJavaBase.lambda$execute$0(AbstractExecJavaBase.java:287)
at java.base/java.lang.Thread.run(Thread.java:1516)
]]>
    </error>
  </testcase> <!-- test07_CrossAppRoutingAndPermissions -->
</testsuite> <!-- com.project.tests.FileRecoveryTest -->
