<?xml version="1.0" encoding="UTF-8"?>
<!-- Generated by org.testng.reporters.JUnitXMLReporter -->
<testsuite ignored="0" hostname="Admins-MacBook-Air.local" failures="1" tests="1" name="Isolated_Feature_Test" time="1011.39" errors="0" timestamp="2026-05-06T16:56:56 IST">
  <testcase classname="com.project.tests.OnboardingTest" name="masterOnboardingFlowTest" time="1007.331">
    <failure type="org.openqa.selenium.TimeoutException" message="Expected condition failed: waiting for visibility of element located by By.xpath: //*[@text=&amp;apos;Description&amp;apos; or contains(@text, &amp;apos;Description&amp;apos;)] (tried for 15 second(s) with 500 milliseconds interval)
Build info: version: &amp;apos;4.13.0&amp;apos;, revision: &amp;apos;ba948ece5b*&amp;apos;
System info: os.name: &amp;apos;Mac OS X&amp;apos;, os.arch: &amp;apos;aarch64&amp;apos;, os.version: &amp;apos;26.4.1&amp;apos;, java.version: &amp;apos;21.0.11&amp;apos;
Driver info: io.appium.java_client.android.AndroidDriver
Capabilities {appium:appActivity: rock.identifier.diamond.gem..., appium:appPackage: rock.identifier.diamond.gem..., appium:autoLaunch: false, appium:automationName: UiAutomator2, appium:databaseEnabled: false, appium:desired: {appActivity: rock.identifier.diamond.gem..., appPackage: rock.identifier.diamond.gem..., autoLaunch: false, automationName: UiAutomator2, deviceName: 83fc08ef, disableWindowAnimation: true, ignoreHiddenApiPolicyError: true, ignoreUnimportantViews: true, newCommandTimeout: 3600, noReset: true, platformName: ANDROID, waitForIdleTimeout: 100}, appium:deviceApiLevel: 29, appium:deviceManufacturer: Xiaomi, appium:deviceModel: POCO F1, appium:deviceName: 83fc08ef, appium:deviceScreenDensity: 440, appium:deviceScreenSize: 1080x2246, appium:deviceUDID: 83fc08ef, appium:disableWindowAnimation: true, appium:ignoreHiddenApiPolicyError: true, appium:ignoreUnimportantViews: true, appium:javascriptEnabled: true, appium:locationContextEnabled: false, appium:networkConnectionEnabled: true, appium:newCommandTimeout: 3600, appium:noReset: true, appium:pixelRatio: 2.75, appium:platformVersion: 10, appium:statBarHeight: 89, appium:takesScreenshot: true, appium:viewportRect: {height: 2157, left: 0, top: 89, width: 1080}, appium:waitForIdleTimeout: 100, appium:warnings: {}, appium:webStorageEnabled: false, platformName: ANDROID}
Session ID: 77413724-bcc1-4c4e-a0cb-e5748ff2ff7d">
      <![CDATA[org.openqa.selenium.TimeoutException: Expected condition failed: waiting for visibility of element located by By.xpath: //*[@text='Description' or contains(@text, 'Description')] (tried for 15 second(s) with 500 milliseconds interval)
Build info: version: '4.13.0', revision: 'ba948ece5b*'
System info: os.name: 'Mac OS X', os.arch: 'aarch64', os.version: '26.4.1', java.version: '21.0.11'
Driver info: io.appium.java_client.android.AndroidDriver
Capabilities {appium:appActivity: rock.identifier.diamond.gem..., appium:appPackage: rock.identifier.diamond.gem..., appium:autoLaunch: false, appium:automationName: UiAutomator2, appium:databaseEnabled: false, appium:desired: {appActivity: rock.identifier.diamond.gem..., appPackage: rock.identifier.diamond.gem..., autoLaunch: false, automationName: UiAutomator2, deviceName: 83fc08ef, disableWindowAnimation: true, ignoreHiddenApiPolicyError: true, ignoreUnimportantViews: true, newCommandTimeout: 3600, noReset: true, platformName: ANDROID, waitForIdleTimeout: 100}, appium:deviceApiLevel: 29, appium:deviceManufacturer: Xiaomi, appium:deviceModel: POCO F1, appium:deviceName: 83fc08ef, appium:deviceScreenDensity: 440, appium:deviceScreenSize: 1080x2246, appium:deviceUDID: 83fc08ef, appium:disableWindowAnimation: true, appium:ignoreHiddenApiPolicyError: true, appium:ignoreUnimportantViews: true, appium:javascriptEnabled: true, appium:locationContextEnabled: false, appium:networkConnectionEnabled: true, appium:newCommandTimeout: 3600, appium:noReset: true, appium:pixelRatio: 2.75, appium:platformVersion: 10, appium:statBarHeight: 89, appium:takesScreenshot: true, appium:viewportRect: {height: 2157, left: 0, top: 89, width: 1080}, appium:waitForIdleTimeout: 100, appium:warnings: {}, appium:webStorageEnabled: false, platformName: ANDROID}
Session ID: 77413724-bcc1-4c4e-a0cb-e5748ff2ff7d
at org.openqa.selenium.support.ui.WebDriverWait.timeoutException(WebDriverWait.java:84)
at org.openqa.selenium.support.ui.FluentWait.until(FluentWait.java:230)
at com.project.tests.OnboardingTest.masterOnboardingFlowTest(OnboardingTest.java:550)
at java.base/java.util.ArrayList.forEach(ArrayList.java:1596)
at com.project.cli.MenuRunner.executeTestNGClass(MenuRunner.java:141)
at com.project.cli.MenuRunner.runStoneMenu(MenuRunner.java:119)
at com.project.cli.MenuRunner.main(MenuRunner.java:49)
at org.codehaus.mojo.exec.AbstractExecJavaBase.executeMainMethod(AbstractExecJavaBase.java:402)
at org.codehaus.mojo.exec.ExecJavaMojo.executeMainMethod(ExecJavaMojo.java:142)
at org.codehaus.mojo.exec.AbstractExecJavaBase.doExecClassLoader(AbstractExecJavaBase.java:377)
at org.codehaus.mojo.exec.AbstractExecJavaBase.lambda$execute$0(AbstractExecJavaBase.java:287)
at java.base/java.lang.Thread.run(Thread.java:1583)
... Removed 24 stack frames]]>
    </failure>
  </testcase> <!-- masterOnboardingFlowTest -->
</testsuite> <!-- Isolated_Feature_Test -->
