<?xml version="1.0" encoding="UTF-8"?>
<!-- Generated by org.testng.reporters.JUnitXMLReporter -->
<testsuite ignored="0" hostname="Admins-MacBook-Air.local" failures="1" tests="1" name="Isolated_Feature_Test" time="329.402" errors="0" timestamp="2026-04-28T13:22:07 IST">
  <testcase classname="com.project.tests.CoinMasterTest" name="masterCoinFlowTest" time="325.237">
    <failure type="java.lang.AssertionError" message="Suite completed, but 5 bugs were found! Check the HTML report. expected [0] but found [5]">
      <![CDATA[java.lang.AssertionError: Suite completed, but 5 bugs were found! Check the HTML report. expected [0] but found [5]
at com.project.tests.CoinMasterTest.masterCoinFlowTest(CoinMasterTest.java:425)
at java.base/java.util.ArrayList.forEach(ArrayList.java:1612)
at com.project.cli.MenuRunner.executeTestNGClass(MenuRunner.java:137)
at com.project.cli.MenuRunner.main(MenuRunner.java:53)
at org.codehaus.mojo.exec.AbstractExecJavaBase.executeMainMethod(AbstractExecJavaBase.java:402)
at org.codehaus.mojo.exec.ExecJavaMojo.executeMainMethod(ExecJavaMojo.java:142)
at org.codehaus.mojo.exec.AbstractExecJavaBase.doExecClassLoader(AbstractExecJavaBase.java:377)
at org.codehaus.mojo.exec.AbstractExecJavaBase.lambda$execute$0(AbstractExecJavaBase.java:287)
at java.base/java.lang.Thread.run(Thread.java:1516)
... Removed 30 stack frames]]>
    </failure>
  </testcase> <!-- masterCoinFlowTest -->
</testsuite> <!-- Isolated_Feature_Test -->
